1557123923920	mozrunner::runner	INFO	Running command: "/usr/bin/firefox" "-marionette" "-foreground" "-no-remote" "-profile" "/tmp/rust_mozprofile.LL3ZB8mPIG3R"
1557123924336	addons.webextension.screenshots@mozilla.org	WARN	Loading extension 'screenshots@mozilla.org': Reading manifest: Invalid extension permission: mozillaAddons
1557123924337	addons.webextension.screenshots@mozilla.org	WARN	Loading extension 'screenshots@mozilla.org': Reading manifest: Invalid extension permission: resource://pdf.js/
1557123924337	addons.webextension.screenshots@mozilla.org	WARN	Loading extension 'screenshots@mozilla.org': Reading manifest: Invalid extension permission: about:reader*
1557123926561	Marionette	INFO	Listening on port 40719
1557123926630	Marionette	WARN	TLS certificate errors will be ignored for this session
[Parent 10659, Gecko_IOThread] WARNING: pipe error (78): Connection reset by peer: file /build/firefox-i2nBcb/firefox-66.0.3+build1/ipc/chromium/src/chrome/common/ipc_channel_posix.cc, line 357
[Parent 10659, Gecko_IOThread] WARNING: pipe error (65): Connection reset by peer: file /build/firefox-i2nBcb/firefox-66.0.3+build1/ipc/chromium/src/chrome/common/ipc_channel_posix.cc, line 357
[Parent 10659, Gecko_IOThread] WARNING: pipe error (113): Connection reset by peer: file /build/firefox-i2nBcb/firefox-66.0.3+build1/ipc/chromium/src/chrome/common/ipc_channel_posix.cc, line 357
1557123946579	Marionette	INFO	Stopped listening on port 40719
1557124069709	mozrunner::runner	INFO	Running command: "/usr/bin/firefox" "-marionette" "-foreground" "-no-remote" "-profile" "/tmp/rust_mozprofile.5oPXbt4YnROD"
1557124070121	addons.webextension.screenshots@mozilla.org	WARN	Loading extension 'screenshots@mozilla.org': Reading manifest: Invalid extension permission: mozillaAddons
1557124070121	addons.webextension.screenshots@mozilla.org	WARN	Loading extension 'screenshots@mozilla.org': Reading manifest: Invalid extension permission: resource://pdf.js/
1557124070121	addons.webextension.screenshots@mozilla.org	WARN	Loading extension 'screenshots@mozilla.org': Reading manifest: Invalid extension permission: about:reader*
1557124072305	Marionette	INFO	Listening on port 42647
1557124072327	Marionette	WARN	TLS certificate errors will be ignored for this session
console.error: BroadcastService: 
  receivedBroadcastMessage: handler for
  remote-settings/monitor_changes
  threw error:
  Message: Error: Polling for changes failed: NetworkError when attempting to fetch resource..
  Stack:
    remoteSettingsFunction/remoteSettings.pollChanges@resource://services-settings/remote-settings.js:190:13

[Parent 11166, Gecko_IOThread] WARNING: pipe error (78): Connection reset by peer: file /build/firefox-i2nBcb/firefox-66.0.3+build1/ipc/chromium/src/chrome/common/ipc_channel_posix.cc, line 357
[Parent 11166, Gecko_IOThread] WARNING: pipe error (79): Connection reset by peer: file /build/firefox-i2nBcb/firefox-66.0.3+build1/ipc/chromium/src/chrome/common/ipc_channel_posix.cc, line 357
1557124140677	Marionette	INFO	Stopped listening on port 42647
1557125832846	mozrunner::runner	INFO	Running command: "/usr/bin/firefox" "-marionette" "-foreground" "-no-remote" "-profile" "/tmp/rust_mozprofile.6GzFLr6xZFYd"
1557125833256	addons.webextension.screenshots@mozilla.org	WARN	Loading extension 'screenshots@mozilla.org': Reading manifest: Invalid extension permission: mozillaAddons
1557125833257	addons.webextension.screenshots@mozilla.org	WARN	Loading extension 'screenshots@mozilla.org': Reading manifest: Invalid extension permission: resource://pdf.js/
1557125833257	addons.webextension.screenshots@mozilla.org	WARN	Loading extension 'screenshots@mozilla.org': Reading manifest: Invalid extension permission: about:reader*
1557125835452	Marionette	INFO	Listening on port 41085
1557125835568	Marionette	WARN	TLS certificate errors will be ignored for this session
[Parent 12678, Gecko_IOThread] WARNING: pipe error (78): Connection reset by peer: file /build/firefox-i2nBcb/firefox-66.0.3+build1/ipc/chromium/src/chrome/common/ipc_channel_posix.cc, line 357
[Parent 12678, Gecko_IOThread] WARNING: pipe error (79): Connection reset by peer: file /build/firefox-i2nBcb/firefox-66.0.3+build1/ipc/chromium/src/chrome/common/ipc_channel_posix.cc, line 357
1557125858699	Marionette	INFO	Stopped listening on port 41085
1557125969124	mozrunner::runner	INFO	Running command: "/usr/bin/firefox" "-marionette" "-foreground" "-no-remote" "-profile" "/tmp/rust_mozprofile.gFRLUWdGf98X"
1557125969572	addons.webextension.screenshots@mozilla.org	WARN	Loading extension 'screenshots@mozilla.org': Reading manifest: Invalid extension permission: mozillaAddons
1557125969573	addons.webextension.screenshots@mozilla.org	WARN	Loading extension 'screenshots@mozilla.org': Reading manifest: Invalid extension permission: resource://pdf.js/
1557125969573	addons.webextension.screenshots@mozilla.org	WARN	Loading extension 'screenshots@mozilla.org': Reading manifest: Invalid extension permission: about:reader*
1557125971804	Marionette	INFO	Listening on port 34131
1557125971839	Marionette	WARN	TLS certificate errors will be ignored for this session
[Parent 13136, Gecko_IOThread] WARNING: pipe error (78): Connection reset by peer: file /build/firefox-i2nBcb/firefox-66.0.3+build1/ipc/chromium/src/chrome/common/ipc_channel_posix.cc, line 357
[Parent 13136, Gecko_IOThread] WARNING: pipe error (92): Connection reset by peer: file /build/firefox-i2nBcb/firefox-66.0.3+build1/ipc/chromium/src/chrome/common/ipc_channel_posix.cc, line 357
[Parent 13136, Gecko_IOThread] WARNING: pipe error (113): Connection reset by peer: file /build/firefox-i2nBcb/firefox-66.0.3+build1/ipc/chromium/src/chrome/common/ipc_channel_posix.cc, line 357
1557126007327	Marionette	INFO	Stopped listening on port 34131
1557126023556	mozrunner::runner	INFO	Running command: "/usr/bin/firefox" "-marionette" "-foreground" "-no-remote" "-profile" "/tmp/rust_mozprofile.nfGrylFDTMrj"
1557126024007	addons.webextension.screenshots@mozilla.org	WARN	Loading extension 'screenshots@mozilla.org': Reading manifest: Invalid extension permission: mozillaAddons
1557126024007	addons.webextension.screenshots@mozilla.org	WARN	Loading extension 'screenshots@mozilla.org': Reading manifest: Invalid extension permission: resource://pdf.js/
1557126024007	addons.webextension.screenshots@mozilla.org	WARN	Loading extension 'screenshots@mozilla.org': Reading manifest: Invalid extension permission: about:reader*
1557126026564	Marionette	INFO	Listening on port 38289
1557126026702	Marionette	WARN	TLS certificate errors will be ignored for this session
Exiting due to channel error.
Exiting due to channel error.
Exiting due to channel error.
1557126068809	mozrunner::runner	INFO	Running command: "/usr/bin/firefox" "-marionette" "-foreground" "-no-remote" "-profile" "/tmp/rust_mozprofile.6lLRQhdXXqom"
1557126069236	addons.webextension.screenshots@mozilla.org	WARN	Loading extension 'screenshots@mozilla.org': Reading manifest: Invalid extension permission: mozillaAddons
1557126069236	addons.webextension.screenshots@mozilla.org	WARN	Loading extension 'screenshots@mozilla.org': Reading manifest: Invalid extension permission: resource://pdf.js/
1557126069236	addons.webextension.screenshots@mozilla.org	WARN	Loading extension 'screenshots@mozilla.org': Reading manifest: Invalid extension permission: about:reader*
1557126071469	Marionette	INFO	Listening on port 45941
1557126071521	Marionette	WARN	TLS certificate errors will be ignored for this session
Exiting due to channel error.
Exiting due to channel error.
Exiting due to channel error.
1557126148435	mozrunner::runner	INFO	Running command: "/usr/bin/firefox" "-marionette" "-foreground" "-no-remote" "-profile" "/tmp/rust_mozprofile.oF3Npd4vhvNH"
1557126148866	addons.webextension.screenshots@mozilla.org	WARN	Loading extension 'screenshots@mozilla.org': Reading manifest: Invalid extension permission: mozillaAddons
1557126148867	addons.webextension.screenshots@mozilla.org	WARN	Loading extension 'screenshots@mozilla.org': Reading manifest: Invalid extension permission: resource://pdf.js/
1557126148867	addons.webextension.screenshots@mozilla.org	WARN	Loading extension 'screenshots@mozilla.org': Reading manifest: Invalid extension permission: about:reader*
1557126151069	Marionette	INFO	Listening on port 38989
1557126151144	Marionette	WARN	TLS certificate errors will be ignored for this session
[Child 14426, Chrome_ChildThread] WARNING: pipe error (3): Connection reset by peer: file /build/firefox-i2nBcb/firefox-66.0.3+build1/ipc/chromium/src/chrome/common/ipc_channel_posix.cc, line 357
[Parent 14251, Gecko_IOThread] WARNING: pipe error (78): Connection reset by peer: file /build/firefox-i2nBcb/firefox-66.0.3+build1/ipc/chromium/src/chrome/common/ipc_channel_posix.cc, line 357
[Parent 14251, Gecko_IOThread] WARNING: pipe error (86): Connection reset by peer: file /build/firefox-i2nBcb/firefox-66.0.3+build1/ipc/chromium/src/chrome/common/ipc_channel_posix.cc, line 357
[Parent 14251, Gecko_IOThread] WARNING: pipe error (120): Connection reset by peer: file /build/firefox-i2nBcb/firefox-66.0.3+build1/ipc/chromium/src/chrome/common/ipc_channel_posix.cc, line 357
1557126172957	Marionette	INFO	Stopped listening on port 38989
1557126192124	mozrunner::runner	INFO	Running command: "/usr/bin/firefox" "-marionette" "-foreground" "-no-remote" "-profile" "/tmp/rust_mozprofile.MVZL2V1MbzNF"
1557126192544	addons.webextension.screenshots@mozilla.org	WARN	Loading extension 'screenshots@mozilla.org': Reading manifest: Invalid extension permission: mozillaAddons
1557126192544	addons.webextension.screenshots@mozilla.org	WARN	Loading extension 'screenshots@mozilla.org': Reading manifest: Invalid extension permission: resource://pdf.js/
1557126192544	addons.webextension.screenshots@mozilla.org	WARN	Loading extension 'screenshots@mozilla.org': Reading manifest: Invalid extension permission: about:reader*
1557126194819	Marionette	INFO	Listening on port 42103
1557126194838	Marionette	WARN	TLS certificate errors will be ignored for this session
[Parent 14625, Gecko_IOThread] WARNING: pipe error (78): Connection reset by peer: file /build/firefox-i2nBcb/firefox-66.0.3+build1/ipc/chromium/src/chrome/common/ipc_channel_posix.cc, line 357
[Parent 14625, Gecko_IOThread] WARNING: pipe error (86): Connection reset by peer: file /build/firefox-i2nBcb/firefox-66.0.3+build1/ipc/chromium/src/chrome/common/ipc_channel_posix.cc, line 357
1557126214139	Marionette	INFO	Stopped listening on port 42103
1557126262173	mozrunner::runner	INFO	Running command: "/usr/bin/firefox" "-marionette" "-foreground" "-no-remote" "-profile" "/tmp/rust_mozprofile.lRvBnmYD1S30"
1557126262596	addons.webextension.screenshots@mozilla.org	WARN	Loading extension 'screenshots@mozilla.org': Reading manifest: Invalid extension permission: mozillaAddons
1557126262596	addons.webextension.screenshots@mozilla.org	WARN	Loading extension 'screenshots@mozilla.org': Reading manifest: Invalid extension permission: resource://pdf.js/
1557126262597	addons.webextension.screenshots@mozilla.org	WARN	Loading extension 'screenshots@mozilla.org': Reading manifest: Invalid extension permission: about:reader*
1557126264870	Marionette	INFO	Listening on port 42719
1557126264885	Marionette	WARN	TLS certificate errors will be ignored for this session
[Parent 14998, Gecko_IOThread] WARNING: pipe error (78): Connection reset by peer: file /build/firefox-i2nBcb/firefox-66.0.3+build1/ipc/chromium/src/chrome/common/ipc_channel_posix.cc, line 357
[Parent 14998, Gecko_IOThread] WARNING: pipe error (70): Connection reset by peer: file /build/firefox-i2nBcb/firefox-66.0.3+build1/ipc/chromium/src/chrome/common/ipc_channel_posix.cc, line 357
1557126286406	Marionette	INFO	Stopped listening on port 42719
1557126305573	mozrunner::runner	INFO	Running command: "/usr/bin/firefox" "-marionette" "-foreground" "-no-remote" "-profile" "/tmp/rust_mozprofile.991mU80EUZ8B"
1557126306000	addons.webextension.screenshots@mozilla.org	WARN	Loading extension 'screenshots@mozilla.org': Reading manifest: Invalid extension permission: mozillaAddons
1557126306001	addons.webextension.screenshots@mozilla.org	WARN	Loading extension 'screenshots@mozilla.org': Reading manifest: Invalid extension permission: resource://pdf.js/
1557126306001	addons.webextension.screenshots@mozilla.org	WARN	Loading extension 'screenshots@mozilla.org': Reading manifest: Invalid extension permission: about:reader*
1557126308313	Marionette	INFO	Listening on port 38591
1557126308443	Marionette	WARN	TLS certificate errors will be ignored for this session
console.error: BroadcastService: 
  receivedBroadcastMessage: handler for
  remote-settings/monitor_changes
  threw error:
  Message: Error: Polling for changes failed: NetworkError when attempting to fetch resource..
  Stack:
    remoteSettingsFunction/remoteSettings.pollChanges@resource://services-settings/remote-settings.js:190:13

Exiting due to channel error.
Exiting due to channel error.
Exiting due to channel error.
1557126424451	mozrunner::runner	INFO	Running command: "/usr/bin/firefox" "-marionette" "-foreground" "-no-remote" "-profile" "/tmp/rust_mozprofile.saCs5zWWc1IA"
1557126424876	addons.webextension.screenshots@mozilla.org	WARN	Loading extension 'screenshots@mozilla.org': Reading manifest: Invalid extension permission: mozillaAddons
1557126424877	addons.webextension.screenshots@mozilla.org	WARN	Loading extension 'screenshots@mozilla.org': Reading manifest: Invalid extension permission: resource://pdf.js/
1557126424877	addons.webextension.screenshots@mozilla.org	WARN	Loading extension 'screenshots@mozilla.org': Reading manifest: Invalid extension permission: about:reader*
1557126427215	Marionette	INFO	Listening on port 46347
1557126427262	Marionette	WARN	TLS certificate errors will be ignored for this session
Exiting due to channel error.
Exiting due to channel error.
Exiting due to channel error.
1557126531908	mozrunner::runner	INFO	Running command: "/usr/bin/firefox" "-marionette" "-foreground" "-no-remote" "-profile" "/tmp/rust_mozprofile.hEljwPOKlvYl"
1557126532349	addons.webextension.screenshots@mozilla.org	WARN	Loading extension 'screenshots@mozilla.org': Reading manifest: Invalid extension permission: mozillaAddons
1557126532349	addons.webextension.screenshots@mozilla.org	WARN	Loading extension 'screenshots@mozilla.org': Reading manifest: Invalid extension permission: resource://pdf.js/
1557126532349	addons.webextension.screenshots@mozilla.org	WARN	Loading extension 'screenshots@mozilla.org': Reading manifest: Invalid extension permission: about:reader*
1557126534635	Marionette	INFO	Listening on port 42849
1557126534775	Marionette	WARN	TLS certificate errors will be ignored for this session
[Parent 16201, Gecko_IOThread] WARNING: pipe error (78): Connection reset by peer: file /build/firefox-i2nBcb/firefox-66.0.3+build1/ipc/chromium/src/chrome/common/ipc_channel_posix.cc, line 357
[Parent 16201, Gecko_IOThread] WARNING: pipe error (95): Connection reset by peer: file /build/firefox-i2nBcb/firefox-66.0.3+build1/ipc/chromium/src/chrome/common/ipc_channel_posix.cc, line 357
1557126566917	Marionette	INFO	Stopped listening on port 42849
1557126720908	mozrunner::runner	INFO	Running command: "/usr/bin/firefox" "-marionette" "-foreground" "-no-remote" "-profile" "/tmp/rust_mozprofile.nI2CeCGmGoST"
1557126721319	addons.webextension.screenshots@mozilla.org	WARN	Loading extension 'screenshots@mozilla.org': Reading manifest: Invalid extension permission: mozillaAddons
1557126721320	addons.webextension.screenshots@mozilla.org	WARN	Loading extension 'screenshots@mozilla.org': Reading manifest: Invalid extension permission: resource://pdf.js/
1557126721320	addons.webextension.screenshots@mozilla.org	WARN	Loading extension 'screenshots@mozilla.org': Reading manifest: Invalid extension permission: about:reader*
1557126723574	Marionette	INFO	Listening on port 44763
1557126723620	Marionette	WARN	TLS certificate errors will be ignored for this session
console.error: BroadcastService: 
  receivedBroadcastMessage: handler for
  remote-settings/monitor_changes
  threw error:
  Message: Error: Polling for changes failed: NetworkError when attempting to fetch resource..
  Stack:
    remoteSettingsFunction/remoteSettings.pollChanges@resource://services-settings/remote-settings.js:190:13

Exiting due to channel error.
Exiting due to channel error.
Exiting due to channel error.
1557126810588	mozrunner::runner	INFO	Running command: "/usr/bin/firefox" "-marionette" "-foreground" "-no-remote" "-profile" "/tmp/rust_mozprofile.N9k54AI33mfo"
1557126810996	addons.webextension.screenshots@mozilla.org	WARN	Loading extension 'screenshots@mozilla.org': Reading manifest: Invalid extension permission: mozillaAddons
1557126810997	addons.webextension.screenshots@mozilla.org	WARN	Loading extension 'screenshots@mozilla.org': Reading manifest: Invalid extension permission: resource://pdf.js/
1557126810997	addons.webextension.screenshots@mozilla.org	WARN	Loading extension 'screenshots@mozilla.org': Reading manifest: Invalid extension permission: about:reader*
1557126813235	Marionette	INFO	Listening on port 36027
1557126813305	Marionette	WARN	TLS certificate errors will be ignored for this session
console.error: BroadcastService: 
  receivedBroadcastMessage: handler for
  remote-settings/monitor_changes
  threw error:
  Message: Error: Polling for changes failed: NetworkError when attempting to fetch resource..
  Stack:
    remoteSettingsFunction/remoteSettings.pollChanges@resource://services-settings/remote-settings.js:190:13

Exiting due to channel error.
Exiting due to channel error.
[Child 17222, Chrome_ChildThread] WARNING: pipe error (3): Connection reset by peer: file /build/firefox-i2nBcb/firefox-66.0.3+build1/ipc/chromium/src/chrome/common/ipc_channel_posix.cc, line 357
Exiting due to channel error.
1557127202112	mozrunner::runner	INFO	Running command: "/usr/bin/firefox" "-marionette" "-foreground" "-no-remote" "-profile" "/tmp/rust_mozprofile.RjfWflVXdwTl"
1557127202525	addons.webextension.screenshots@mozilla.org	WARN	Loading extension 'screenshots@mozilla.org': Reading manifest: Invalid extension permission: mozillaAddons
1557127202526	addons.webextension.screenshots@mozilla.org	WARN	Loading extension 'screenshots@mozilla.org': Reading manifest: Invalid extension permission: resource://pdf.js/
1557127202526	addons.webextension.screenshots@mozilla.org	WARN	Loading extension 'screenshots@mozilla.org': Reading manifest: Invalid extension permission: about:reader*
1557127204710	Marionette	INFO	Listening on port 39561
1557127204722	Marionette	WARN	TLS certificate errors will be ignored for this session
1557127283425	mozrunner::runner	INFO	Running command: "/usr/bin/firefox" "-marionette" "-foreground" "-no-remote" "-profile" "/tmp/rust_mozprofile.ChSh3eE6RIp9"
1557127283839	addons.webextension.screenshots@mozilla.org	WARN	Loading extension 'screenshots@mozilla.org': Reading manifest: Invalid extension permission: mozillaAddons
1557127283839	addons.webextension.screenshots@mozilla.org	WARN	Loading extension 'screenshots@mozilla.org': Reading manifest: Invalid extension permission: resource://pdf.js/
1557127283839	addons.webextension.screenshots@mozilla.org	WARN	Loading extension 'screenshots@mozilla.org': Reading manifest: Invalid extension permission: about:reader*
1557127286166	Marionette	INFO	Listening on port 36387
1557127286271	Marionette	WARN	TLS certificate errors will be ignored for this session
[Parent 18027, Gecko_IOThread] WARNING: pipe error (79): Connection reset by peer: file /build/firefox-i2nBcb/firefox-66.0.3+build1/ipc/chromium/src/chrome/common/ipc_channel_posix.cc, line 357
[Parent 18027, Gecko_IOThread] WARNING: pipe error (78): Connection reset by peer: file /build/firefox-i2nBcb/firefox-66.0.3+build1/ipc/chromium/src/chrome/common/ipc_channel_posix.cc, line 357
1557127378158	Marionette	INFO	Stopped listening on port 36387
1557127383298	mozrunner::runner	INFO	Running command: "/usr/bin/firefox" "-marionette" "-foreground" "-no-remote" "-profile" "/tmp/rust_mozprofile.9wrP0BVeVoMN"
1557127383711	addons.webextension.screenshots@mozilla.org	WARN	Loading extension 'screenshots@mozilla.org': Reading manifest: Invalid extension permission: mozillaAddons
1557127383711	addons.webextension.screenshots@mozilla.org	WARN	Loading extension 'screenshots@mozilla.org': Reading manifest: Invalid extension permission: resource://pdf.js/
1557127383711	addons.webextension.screenshots@mozilla.org	WARN	Loading extension 'screenshots@mozilla.org': Reading manifest: Invalid extension permission: about:reader*
1557127385963	Marionette	INFO	Listening on port 41955
1557127386010	Marionette	WARN	TLS certificate errors will be ignored for this session
[Parent 18450, Gecko_IOThread] WARNING: pipe error (64): Connection reset by peer: file /build/firefox-i2nBcb/firefox-66.0.3+build1/ipc/chromium/src/chrome/common/ipc_channel_posix.cc, line 357
[Parent 18450, Gecko_IOThread] WARNING: pipe error (131): Connection reset by peer: file /build/firefox-i2nBcb/firefox-66.0.3+build1/ipc/chromium/src/chrome/common/ipc_channel_posix.cc, line 357
1557127420669	Marionette	INFO	Stopped listening on port 41955
[Parent 17607, Gecko_IOThread] WARNING: pipe error (78): Connection reset by peer: file /build/firefox-i2nBcb/firefox-66.0.3+build1/ipc/chromium/src/chrome/common/ipc_channel_posix.cc, line 357
[Parent 17607, Gecko_IOThread] WARNING: pipe error (70): Connection reset by peer: file /build/firefox-i2nBcb/firefox-66.0.3+build1/ipc/chromium/src/chrome/common/ipc_channel_posix.cc, line 357
1557127428792	Marionette	INFO	Stopped listening on port 39561
1557127514452	mozrunner::runner	INFO	Running command: "/usr/bin/firefox" "-marionette" "-foreground" "-no-remote" "-profile" "/tmp/rust_mozprofile.V2RdizIaYQ6R"
1557127514877	addons.webextension.screenshots@mozilla.org	WARN	Loading extension 'screenshots@mozilla.org': Reading manifest: Invalid extension permission: mozillaAddons
1557127514877	addons.webextension.screenshots@mozilla.org	WARN	Loading extension 'screenshots@mozilla.org': Reading manifest: Invalid extension permission: resource://pdf.js/
1557127514878	addons.webextension.screenshots@mozilla.org	WARN	Loading extension 'screenshots@mozilla.org': Reading manifest: Invalid extension permission: about:reader*
1557127517079	Marionette	INFO	Listening on port 37195
1557127517214	Marionette	WARN	TLS certificate errors will be ignored for this session
[Parent 18892, Gecko_IOThread] WARNING: pipe error (78): Connection reset by peer: file /build/firefox-i2nBcb/firefox-66.0.3+build1/ipc/chromium/src/chrome/common/ipc_channel_posix.cc, line 357
[Parent 18892, Gecko_IOThread] WARNING: pipe error (79): Connection reset by peer: file /build/firefox-i2nBcb/firefox-66.0.3+build1/ipc/chromium/src/chrome/common/ipc_channel_posix.cc, line 357
1557127545843	Marionette	INFO	Stopped listening on port 37195
1557127631904	mozrunner::runner	INFO	Running command: "/usr/bin/firefox" "-marionette" "-foreground" "-no-remote" "-profile" "/tmp/rust_mozprofile.8HbA9dGOjsK5"
1557127632327	addons.webextension.screenshots@mozilla.org	WARN	Loading extension 'screenshots@mozilla.org': Reading manifest: Invalid extension permission: mozillaAddons
1557127632328	addons.webextension.screenshots@mozilla.org	WARN	Loading extension 'screenshots@mozilla.org': Reading manifest: Invalid extension permission: resource://pdf.js/
1557127632328	addons.webextension.screenshots@mozilla.org	WARN	Loading extension 'screenshots@mozilla.org': Reading manifest: Invalid extension permission: about:reader*
1557127634685	Marionette	INFO	Listening on port 42529
1557127634715	Marionette	WARN	TLS certificate errors will be ignored for this session
[Parent 19283, Gecko_IOThread] WARNING: pipe error (78): Connection reset by peer: file /build/firefox-i2nBcb/firefox-66.0.3+build1/ipc/chromium/src/chrome/common/ipc_channel_posix.cc, line 357
[Parent 19283, Gecko_IOThread] WARNING: pipe error (95): Connection reset by peer: file /build/firefox-i2nBcb/firefox-66.0.3+build1/ipc/chromium/src/chrome/common/ipc_channel_posix.cc, line 357
1557127673343	Marionette	INFO	Stopped listening on port 42529
1557127680146	mozrunner::runner	INFO	Running command: "/usr/bin/firefox" "-marionette" "-foreground" "-no-remote" "-profile" "/tmp/rust_mozprofile.LK3PLfCpFLuc"
1557127680569	addons.webextension.screenshots@mozilla.org	WARN	Loading extension 'screenshots@mozilla.org': Reading manifest: Invalid extension permission: mozillaAddons
1557127680570	addons.webextension.screenshots@mozilla.org	WARN	Loading extension 'screenshots@mozilla.org': Reading manifest: Invalid extension permission: resource://pdf.js/
1557127680570	addons.webextension.screenshots@mozilla.org	WARN	Loading extension 'screenshots@mozilla.org': Reading manifest: Invalid extension permission: about:reader*
1557127682918	Marionette	INFO	Listening on port 44595
1557127682956	Marionette	WARN	TLS certificate errors will be ignored for this session
[Child 19866, Chrome_ChildThread] WARNING: pipe error (3): Connection reset by peer: file /build/firefox-i2nBcb/firefox-66.0.3+build1/ipc/chromium/src/chrome/common/ipc_channel_posix.cc, line 357
[Parent 19677, Gecko_IOThread] WARNING: pipe error (78): Connection reset by peer: file /build/firefox-i2nBcb/firefox-66.0.3+build1/ipc/chromium/src/chrome/common/ipc_channel_posix.cc, line 357
[Parent 19677, Gecko_IOThread] WARNING: pipe error (86): Connection reset by peer: file /build/firefox-i2nBcb/firefox-66.0.3+build1/ipc/chromium/src/chrome/common/ipc_channel_posix.cc, line 357
1557127717801	Marionette	INFO	Stopped listening on port 44595
1557127724517	mozrunner::runner	INFO	Running command: "/usr/bin/firefox" "-marionette" "-foreground" "-no-remote" "-profile" "/tmp/rust_mozprofile.l4yz0h9at0iR"
1557127724944	addons.webextension.screenshots@mozilla.org	WARN	Loading extension 'screenshots@mozilla.org': Reading manifest: Invalid extension permission: mozillaAddons
1557127724944	addons.webextension.screenshots@mozilla.org	WARN	Loading extension 'screenshots@mozilla.org': Reading manifest: Invalid extension permission: resource://pdf.js/
1557127724944	addons.webextension.screenshots@mozilla.org	WARN	Loading extension 'screenshots@mozilla.org': Reading manifest: Invalid extension permission: about:reader*
1557127727222	Marionette	INFO	Listening on port 33245
1557127727231	Marionette	WARN	TLS certificate errors will be ignored for this session

###!!! [Child][MessageChannel] Error: (msgtype=0x5F0029,name=PNecko::Msg_RemoveRequestContext) Channel closing: too late to send/recv, messages will be lost

[Parent 20056, Gecko_IOThread] WARNING: pipe error (78): Connection reset by peer: file /build/firefox-i2nBcb/firefox-66.0.3+build1/ipc/chromium/src/chrome/common/ipc_channel_posix.cc, line 357
[Parent 20056, Gecko_IOThread] WARNING: pipe error (95): Connection reset by peer: file /build/firefox-i2nBcb/firefox-66.0.3+build1/ipc/chromium/src/chrome/common/ipc_channel_posix.cc, line 357
1557127753377	Marionette	INFO	Stopped listening on port 33245
1557127808190	mozrunner::runner	INFO	Running command: "/usr/bin/firefox" "-marionette" "-foreground" "-no-remote" "-profile" "/tmp/rust_mozprofile.6AnZ87vYfkfv"
1557127808610	addons.webextension.screenshots@mozilla.org	WARN	Loading extension 'screenshots@mozilla.org': Reading manifest: Invalid extension permission: mozillaAddons
1557127808610	addons.webextension.screenshots@mozilla.org	WARN	Loading extension 'screenshots@mozilla.org': Reading manifest: Invalid extension permission: resource://pdf.js/
1557127808611	addons.webextension.screenshots@mozilla.org	WARN	Loading extension 'screenshots@mozilla.org': Reading manifest: Invalid extension permission: about:reader*
1557127810925	Marionette	INFO	Listening on port 34355
1557127811047	Marionette	WARN	TLS certificate errors will be ignored for this session
[Parent 20517, Gecko_IOThread] WARNING: pipe error (92): Connection reset by peer: file /build/firefox-i2nBcb/firefox-66.0.3+build1/ipc/chromium/src/chrome/common/ipc_channel_posix.cc, line 357
1557127831558	Marionette	INFO	Stopped listening on port 34355
1557128024008	mozrunner::runner	INFO	Running command: "/usr/bin/firefox" "-marionette" "-foreground" "-no-remote" "-profile" "/tmp/rust_mozprofile.P3iztoNpsdWf"
1557128024426	addons.webextension.screenshots@mozilla.org	WARN	Loading extension 'screenshots@mozilla.org': Reading manifest: Invalid extension permission: mozillaAddons
1557128024426	addons.webextension.screenshots@mozilla.org	WARN	Loading extension 'screenshots@mozilla.org': Reading manifest: Invalid extension permission: resource://pdf.js/
1557128024426	addons.webextension.screenshots@mozilla.org	WARN	Loading extension 'screenshots@mozilla.org': Reading manifest: Invalid extension permission: about:reader*
1557128026638	Marionette	INFO	Listening on port 33511
1557128026759	Marionette	WARN	TLS certificate errors will be ignored for this session

###!!! [Child][MessageChannel] Error: (msgtype=0x52000D,name=PHttpChannel::Msg_RemoveCorsPreflightCacheEntry) Channel closing: too late to send/recv, messages will be lost


###!!! [Child][MessageChannel] Error: (msgtype=0x520005,name=PHttpChannel::Msg_Cancel) Channel closing: too late to send/recv, messages will be lost


###!!! [Child][MessageChannel] Error: (msgtype=0x3500BB,name=PContent::Msg_ScriptError) Channel closing: too late to send/recv, messages will be lost

[Parent 20969, Gecko_IOThread] WARNING: pipe error (78): Connection reset by peer: file /build/firefox-i2nBcb/firefox-66.0.3+build1/ipc/chromium/src/chrome/common/ipc_channel_posix.cc, line 357
[Parent 20969, Gecko_IOThread] WARNING: pipe error (95): Connection reset by peer: file /build/firefox-i2nBcb/firefox-66.0.3+build1/ipc/chromium/src/chrome/common/ipc_channel_posix.cc, line 357
1557128047248	Marionette	INFO	Stopped listening on port 33511
1557128065985	mozrunner::runner	INFO	Running command: "/usr/bin/firefox" "-marionette" "-foreground" "-no-remote" "-profile" "/tmp/rust_mozprofile.C9orLrbpCJ1a"
1557128066711	addons.webextension.screenshots@mozilla.org	WARN	Loading extension 'screenshots@mozilla.org': Reading manifest: Invalid extension permission: mozillaAddons
1557128066712	addons.webextension.screenshots@mozilla.org	WARN	Loading extension 'screenshots@mozilla.org': Reading manifest: Invalid extension permission: resource://pdf.js/
1557128066712	addons.webextension.screenshots@mozilla.org	WARN	Loading extension 'screenshots@mozilla.org': Reading manifest: Invalid extension permission: about:reader*
1557128069038	Marionette	INFO	Listening on port 45161
1557128069197	Marionette	WARN	TLS certificate errors will be ignored for this session
[Child 21524, Chrome_ChildThread] WARNING: pipe error: Broken pipe: file /build/firefox-i2nBcb/firefox-66.0.3+build1/ipc/chromium/src/chrome/common/ipc_channel_posix.cc, line 726
[Parent 21348, Gecko_IOThread] WARNING: pipe error (78): Connection reset by peer: file /build/firefox-i2nBcb/firefox-66.0.3+build1/ipc/chromium/src/chrome/common/ipc_channel_posix.cc, line 357
1557128093798	Marionette	INFO	Stopped listening on port 45161
1557128133652	mozrunner::runner	INFO	Running command: "/usr/bin/firefox" "-marionette" "-foreground" "-no-remote" "-profile" "/tmp/rust_mozprofile.MoQxXI0q36jS"
1557128134097	addons.webextension.screenshots@mozilla.org	WARN	Loading extension 'screenshots@mozilla.org': Reading manifest: Invalid extension permission: mozillaAddons
1557128134097	addons.webextension.screenshots@mozilla.org	WARN	Loading extension 'screenshots@mozilla.org': Reading manifest: Invalid extension permission: resource://pdf.js/
1557128134097	addons.webextension.screenshots@mozilla.org	WARN	Loading extension 'screenshots@mozilla.org': Reading manifest: Invalid extension permission: about:reader*
1557128136393	Marionette	INFO	Listening on port 45671
1557128136461	Marionette	WARN	TLS certificate errors will be ignored for this session
[Parent 21762, Gecko_IOThread] WARNING: pipe error (79): Connection reset by peer: file /build/firefox-i2nBcb/firefox-66.0.3+build1/ipc/chromium/src/chrome/common/ipc_channel_posix.cc, line 357
[Parent 21762, Gecko_IOThread] WARNING: pipe error (78): Connection reset by peer: file /build/firefox-i2nBcb/firefox-66.0.3+build1/ipc/chromium/src/chrome/common/ipc_channel_posix.cc, line 357
1557128166315	Marionette	INFO	Stopped listening on port 45671
1557128280580	mozrunner::runner	INFO	Running command: "/usr/bin/firefox" "-marionette" "-foreground" "-no-remote" "-profile" "/tmp/rust_mozprofile.3VLbQzqTi3Vd"
1557128281024	addons.webextension.screenshots@mozilla.org	WARN	Loading extension 'screenshots@mozilla.org': Reading manifest: Invalid extension permission: mozillaAddons
1557128281024	addons.webextension.screenshots@mozilla.org	WARN	Loading extension 'screenshots@mozilla.org': Reading manifest: Invalid extension permission: resource://pdf.js/
1557128281024	addons.webextension.screenshots@mozilla.org	WARN	Loading extension 'screenshots@mozilla.org': Reading manifest: Invalid extension permission: about:reader*
1557128283302	Marionette	INFO	Listening on port 33159
1557128283415	Marionette	WARN	TLS certificate errors will be ignored for this session
JavaScript error: resource://activity-stream/lib/ActivityStreamPrefs.jsm, line 23: NS_ERROR_ILLEGAL_VALUE: Component returned failure code: 0x80070057 (NS_ERROR_ILLEGAL_VALUE) [nsIPrefBranch.removeObserver]
JavaScript error: resource://devtools/client/jsonview/converter-observer.js, line 91: NS_ERROR_NOT_AVAILABLE: Component returned failure code: 0x80040111 (NS_ERROR_NOT_AVAILABLE) [nsIHttpChannel.contentType]
1557128285623	Marionette	INFO	Stopped listening on port 33159
1557128303218	mozrunner::runner	INFO	Running command: "/usr/bin/firefox" "-marionette" "-foreground" "-no-remote" "-profile" "/tmp/rust_mozprofile.cizC633Z95Zk"
1557128303638	addons.webextension.screenshots@mozilla.org	WARN	Loading extension 'screenshots@mozilla.org': Reading manifest: Invalid extension permission: mozillaAddons
1557128303638	addons.webextension.screenshots@mozilla.org	WARN	Loading extension 'screenshots@mozilla.org': Reading manifest: Invalid extension permission: resource://pdf.js/
1557128303638	addons.webextension.screenshots@mozilla.org	WARN	Loading extension 'screenshots@mozilla.org': Reading manifest: Invalid extension permission: about:reader*
1557128305926	Marionette	INFO	Listening on port 33065
1557128306097	Marionette	WARN	TLS certificate errors will be ignored for this session
console.error: BroadcastService: 
  receivedBroadcastMessage: handler for
  remote-settings/monitor_changes
  threw error:
  Message: Error: Polling for changes failed: NetworkError when attempting to fetch resource..
  Stack:
    remoteSettingsFunction/remoteSettings.pollChanges@resource://services-settings/remote-settings.js:190:13

Exiting due to channel error.
Exiting due to channel error.
Exiting due to channel error.
1557128873617	mozrunner::runner	INFO	Running command: "/usr/bin/firefox" "-marionette" "-foreground" "-no-remote" "-profile" "/tmp/rust_mozprofile.0yR2QnZOgMew"
1557128874048	addons.webextension.screenshots@mozilla.org	WARN	Loading extension 'screenshots@mozilla.org': Reading manifest: Invalid extension permission: mozillaAddons
1557128874048	addons.webextension.screenshots@mozilla.org	WARN	Loading extension 'screenshots@mozilla.org': Reading manifest: Invalid extension permission: resource://pdf.js/
1557128874048	addons.webextension.screenshots@mozilla.org	WARN	Loading extension 'screenshots@mozilla.org': Reading manifest: Invalid extension permission: about:reader*
1557128876249	Marionette	INFO	Listening on port 39113
1557128876379	Marionette	WARN	TLS certificate errors will be ignored for this session
[Parent 23119, Gecko_IOThread] WARNING: pipe error (78): Connection reset by peer: file /build/firefox-i2nBcb/firefox-66.0.3+build1/ipc/chromium/src/chrome/common/ipc_channel_posix.cc, line 357
[Parent 23119, Gecko_IOThread] WARNING: pipe error (95): Connection reset by peer: file /build/firefox-i2nBcb/firefox-66.0.3+build1/ipc/chromium/src/chrome/common/ipc_channel_posix.cc, line 357
1557128894456	Marionette	INFO	Stopped listening on port 39113
1557128908405	mozrunner::runner	INFO	Running command: "/usr/bin/firefox" "-marionette" "-foreground" "-no-remote" "-profile" "/tmp/rust_mozprofile.UU1dbm3M2HeH"
1557128908838	addons.webextension.screenshots@mozilla.org	WARN	Loading extension 'screenshots@mozilla.org': Reading manifest: Invalid extension permission: mozillaAddons
1557128908838	addons.webextension.screenshots@mozilla.org	WARN	Loading extension 'screenshots@mozilla.org': Reading manifest: Invalid extension permission: resource://pdf.js/
1557128908838	addons.webextension.screenshots@mozilla.org	WARN	Loading extension 'screenshots@mozilla.org': Reading manifest: Invalid extension permission: about:reader*
1557128911061	Marionette	INFO	Listening on port 43805
1557128911116	Marionette	WARN	TLS certificate errors will be ignored for this session
1557128971121	mozrunner::runner	INFO	Running command: "/usr/bin/firefox" "-marionette" "-foreground" "-no-remote" "-profile" "/tmp/rust_mozprofile.E3lqJv0SyY1E"
1557128971549	addons.webextension.screenshots@mozilla.org	WARN	Loading extension 'screenshots@mozilla.org': Reading manifest: Invalid extension permission: mozillaAddons
1557128971549	addons.webextension.screenshots@mozilla.org	WARN	Loading extension 'screenshots@mozilla.org': Reading manifest: Invalid extension permission: resource://pdf.js/
1557128971549	addons.webextension.screenshots@mozilla.org	WARN	Loading extension 'screenshots@mozilla.org': Reading manifest: Invalid extension permission: about:reader*
1557128973818	Marionette	INFO	Listening on port 45533
1557128973830	Marionette	WARN	TLS certificate errors will be ignored for this session
console.error: BroadcastService: 
  receivedBroadcastMessage: handler for
  remote-settings/monitor_changes
  threw error:
  Message: Error: Polling for changes failed: NetworkError when attempting to fetch resource..
  Stack:
    remoteSettingsFunction/remoteSettings.pollChanges@resource://services-settings/remote-settings.js:190:13

console.error: BroadcastService: 
  receivedBroadcastMessage: handler for
  remote-settings/monitor_changes
  threw error:
  Message: Error: Polling for changes failed: NetworkError when attempting to fetch resource..
  Stack:
    remoteSettingsFunction/remoteSettings.pollChanges@resource://services-settings/remote-settings.js:190:13

Exiting due to channel error.
Exiting due to channel error.
Exiting due to channel error.
1557129085471	mozrunner::runner	INFO	Running command: "/usr/bin/firefox" "-marionette" "-foreground" "-no-remote" "-profile" "/tmp/rust_mozprofile.O3i5HU6k9tGY"
1557129085909	addons.webextension.screenshots@mozilla.org	WARN	Loading extension 'screenshots@mozilla.org': Reading manifest: Invalid extension permission: mozillaAddons
1557129085909	addons.webextension.screenshots@mozilla.org	WARN	Loading extension 'screenshots@mozilla.org': Reading manifest: Invalid extension permission: resource://pdf.js/
1557129085909	addons.webextension.screenshots@mozilla.org	WARN	Loading extension 'screenshots@mozilla.org': Reading manifest: Invalid extension permission: about:reader*
1557129088149	Marionette	INFO	Listening on port 35995
1557129088184	Marionette	WARN	TLS certificate errors will be ignored for this session
Exiting due to channel error.
[Child 24454, Chrome_ChildThread] WARNING: pipe error (3): Connection reset by peer: file /build/firefox-i2nBcb/firefox-66.0.3+build1/ipc/chromium/src/chrome/common/ipc_channel_posix.cc, line 357
Exiting due to channel error.
Exiting due to channel error.
[Parent 23478, Gecko_IOThread] WARNING: pipe error (84): Connection reset by peer: file /build/firefox-i2nBcb/firefox-66.0.3+build1/ipc/chromium/src/chrome/common/ipc_channel_posix.cc, line 357
[Parent 23478, Gecko_IOThread] WARNING: pipe error (78): Connection reset by peer: file /build/firefox-i2nBcb/firefox-66.0.3+build1/ipc/chromium/src/chrome/common/ipc_channel_posix.cc, line 357
1557129189085	Marionette	INFO	Stopped listening on port 43805
1557129192035	mozrunner::runner	INFO	Running command: "/usr/bin/firefox" "-marionette" "-foreground" "-no-remote" "-profile" "/tmp/rust_mozprofile.lDxEDO2Q2clm"
1557129192461	addons.webextension.screenshots@mozilla.org	WARN	Loading extension 'screenshots@mozilla.org': Reading manifest: Invalid extension permission: mozillaAddons
1557129192462	addons.webextension.screenshots@mozilla.org	WARN	Loading extension 'screenshots@mozilla.org': Reading manifest: Invalid extension permission: resource://pdf.js/
1557129192462	addons.webextension.screenshots@mozilla.org	WARN	Loading extension 'screenshots@mozilla.org': Reading manifest: Invalid extension permission: about:reader*
1557129194831	Marionette	INFO	Listening on port 42425
1557129194847	Marionette	WARN	TLS certificate errors will be ignored for this session
console.error: BroadcastService: 
  receivedBroadcastMessage: handler for
  remote-settings/monitor_changes
  threw error:
  Message: Error: Polling for changes failed: NetworkError when attempting to fetch resource..
  Stack:
    remoteSettingsFunction/remoteSettings.pollChanges@resource://services-settings/remote-settings.js:190:13

[Parent 24669, Gecko_IOThread] WARNING: pipe error (78): Connection reset by peer: file /build/firefox-i2nBcb/firefox-66.0.3+build1/ipc/chromium/src/chrome/common/ipc_channel_posix.cc, line 357
[Parent 24669, Gecko_IOThread] WARNING: pipe error (65): Connection reset by peer: file /build/firefox-i2nBcb/firefox-66.0.3+build1/ipc/chromium/src/chrome/common/ipc_channel_posix.cc, line 357
1557129256894	Marionette	INFO	Stopped listening on port 42425
1557129288025	mozrunner::runner	INFO	Running command: "/usr/bin/firefox" "-marionette" "-foreground" "-no-remote" "-profile" "/tmp/rust_mozprofile.bKukKtRBFdci"
1557129288465	addons.webextension.screenshots@mozilla.org	WARN	Loading extension 'screenshots@mozilla.org': Reading manifest: Invalid extension permission: mozillaAddons
1557129288465	addons.webextension.screenshots@mozilla.org	WARN	Loading extension 'screenshots@mozilla.org': Reading manifest: Invalid extension permission: resource://pdf.js/
1557129288465	addons.webextension.screenshots@mozilla.org	WARN	Loading extension 'screenshots@mozilla.org': Reading manifest: Invalid extension permission: about:reader*
1557129290781	Marionette	INFO	Listening on port 43803
1557129290834	Marionette	WARN	TLS certificate errors will be ignored for this session
console.error: BroadcastService: 
  receivedBroadcastMessage: handler for
  remote-settings/monitor_changes
  threw error:
  Message: Error: Polling for changes failed: NetworkError when attempting to fetch resource..
  Stack:
    remoteSettingsFunction/remoteSettings.pollChanges@resource://services-settings/remote-settings.js:190:13

[Parent 25046, Gecko_IOThread] WARNING: pipe error (78): Connection reset by peer: file /build/firefox-i2nBcb/firefox-66.0.3+build1/ipc/chromium/src/chrome/common/ipc_channel_posix.cc, line 357
[Parent 25046, Gecko_IOThread] WARNING: pipe error (95): Connection reset by peer: file /build/firefox-i2nBcb/firefox-66.0.3+build1/ipc/chromium/src/chrome/common/ipc_channel_posix.cc, line 357
1557129351156	Marionette	INFO	Stopped listening on port 43803
1557129452363	mozrunner::runner	INFO	Running command: "/usr/bin/firefox" "-marionette" "-foreground" "-no-remote" "-profile" "/tmp/rust_mozprofile.l5CokWmLE6pK"
1557129452792	addons.webextension.screenshots@mozilla.org	WARN	Loading extension 'screenshots@mozilla.org': Reading manifest: Invalid extension permission: mozillaAddons
1557129452792	addons.webextension.screenshots@mozilla.org	WARN	Loading extension 'screenshots@mozilla.org': Reading manifest: Invalid extension permission: resource://pdf.js/
1557129452793	addons.webextension.screenshots@mozilla.org	WARN	Loading extension 'screenshots@mozilla.org': Reading manifest: Invalid extension permission: about:reader*
1557129455065	Marionette	INFO	Listening on port 33905
1557129455078	Marionette	WARN	TLS certificate errors will be ignored for this session
1557129504741	mozrunner::runner	INFO	Running command: "/usr/bin/firefox" "-marionette" "-foreground" "-no-remote" "-profile" "/tmp/rust_mozprofile.3YTle3ys3GcD"
1557129505166	addons.webextension.screenshots@mozilla.org	WARN	Loading extension 'screenshots@mozilla.org': Reading manifest: Invalid extension permission: mozillaAddons
1557129505166	addons.webextension.screenshots@mozilla.org	WARN	Loading extension 'screenshots@mozilla.org': Reading manifest: Invalid extension permission: resource://pdf.js/
1557129505166	addons.webextension.screenshots@mozilla.org	WARN	Loading extension 'screenshots@mozilla.org': Reading manifest: Invalid extension permission: about:reader*
1557129507526	Marionette	INFO	Listening on port 42413
1557129507554	Marionette	WARN	TLS certificate errors will be ignored for this session
[Parent 25468, Gecko_IOThread] WARNING: pipe error (78): Connection reset by peer: file /build/firefox-i2nBcb/firefox-66.0.3+build1/ipc/chromium/src/chrome/common/ipc_channel_posix.cc, line 357
[Parent 25468, Gecko_IOThread] WARNING: pipe error (65): Connection reset by peer: file /build/firefox-i2nBcb/firefox-66.0.3+build1/ipc/chromium/src/chrome/common/ipc_channel_posix.cc, line 357
1557129512369	Marionette	INFO	Stopped listening on port 33905
console.error: BroadcastService: 
  receivedBroadcastMessage: handler for
  remote-settings/monitor_changes
  threw error:
  Message: Error: Polling for changes failed: NetworkError when attempting to fetch resource..
  Stack:
    remoteSettingsFunction/remoteSettings.pollChanges@resource://services-settings/remote-settings.js:190:13

[Parent 25821, Gecko_IOThread] WARNING: pipe error (86): Connection reset by peer: file /build/firefox-i2nBcb/firefox-66.0.3+build1/ipc/chromium/src/chrome/common/ipc_channel_posix.cc, line 357
1557129570148	Marionette	INFO	Stopped listening on port 42413
1557130361142	mozrunner::runner	INFO	Running command: "/usr/bin/firefox" "-marionette" "-foreground" "-no-remote" "-profile" "/tmp/rust_mozprofile.ckSCIMtmmGYw"
1557130361378	addons.webextension.screenshots@mozilla.org	WARN	Loading extension 'screenshots@mozilla.org': Reading manifest: Invalid extension permission: mozillaAddons
1557130361378	addons.webextension.screenshots@mozilla.org	WARN	Loading extension 'screenshots@mozilla.org': Reading manifest: Invalid extension permission: resource://pdf.js/
1557130361378	addons.webextension.screenshots@mozilla.org	WARN	Loading extension 'screenshots@mozilla.org': Reading manifest: Invalid extension permission: about:reader*
1557130363165	Marionette	INFO	Listening on port 33611
1557130363248	Marionette	WARN	TLS certificate errors will be ignored for this session
console.error: BroadcastService: 
  receivedBroadcastMessage: handler for
  remote-settings/monitor_changes
  threw error:
  Message: Error: Polling for changes failed: NetworkError when attempting to fetch resource..
  Stack:
    remoteSettingsFunction/remoteSettings.pollChanges@resource://services-settings/remote-settings.js:190:13

[Parent 26684, Gecko_IOThread] WARNING: pipe error (82): Connection reset by peer: file /build/firefox-i2nBcb/firefox-66.0.3+build1/ipc/chromium/src/chrome/common/ipc_channel_posix.cc, line 357
[Parent 26684, Gecko_IOThread] WARNING: pipe error (79): Connection reset by peer: file /build/firefox-i2nBcb/firefox-66.0.3+build1/ipc/chromium/src/chrome/common/ipc_channel_posix.cc, line 357
1557135579285	Marionette	INFO	Stopped listening on port 33611
1557136840432	mozrunner::runner	INFO	Running command: "/usr/bin/firefox" "-marionette" "-foreground" "-no-remote" "-profile" "/tmp/rust_mozprofile.gC6bGjOqUAC0"
1557136840915	addons.webextension.screenshots@mozilla.org	WARN	Loading extension 'screenshots@mozilla.org': Reading manifest: Invalid extension permission: mozillaAddons
1557136840915	addons.webextension.screenshots@mozilla.org	WARN	Loading extension 'screenshots@mozilla.org': Reading manifest: Invalid extension permission: resource://pdf.js/
1557136840915	addons.webextension.screenshots@mozilla.org	WARN	Loading extension 'screenshots@mozilla.org': Reading manifest: Invalid extension permission: about:reader*
1557136843136	Marionette	INFO	Listening on port 44025
1557136843143	Marionette	WARN	TLS certificate errors will be ignored for this session
console.error: BroadcastService: 
  receivedBroadcastMessage: handler for
  remote-settings/monitor_changes
  threw error:
  Message: Error: Polling for changes failed: NetworkError when attempting to fetch resource..
  Stack:
    remoteSettingsFunction/remoteSettings.pollChanges@resource://services-settings/remote-settings.js:190:13

[Parent 30753, Gecko_IOThread] WARNING: pipe error (78): Connection reset by peer: file /build/firefox-i2nBcb/firefox-66.0.3+build1/ipc/chromium/src/chrome/common/ipc_channel_posix.cc, line 357
[Parent 30753, Gecko_IOThread] WARNING: pipe error (64): Connection reset by peer: file /build/firefox-i2nBcb/firefox-66.0.3+build1/ipc/chromium/src/chrome/common/ipc_channel_posix.cc, line 357
1557136899696	Marionette	INFO	Stopped listening on port 44025
1557137011797	mozrunner::runner	INFO	Running command: "/usr/bin/firefox" "-marionette" "-foreground" "-no-remote" "-profile" "/tmp/rust_mozprofile.b0jcALCDJJAV"
1557137012042	addons.webextension.screenshots@mozilla.org	WARN	Loading extension 'screenshots@mozilla.org': Reading manifest: Invalid extension permission: mozillaAddons
1557137012042	addons.webextension.screenshots@mozilla.org	WARN	Loading extension 'screenshots@mozilla.org': Reading manifest: Invalid extension permission: resource://pdf.js/
1557137012042	addons.webextension.screenshots@mozilla.org	WARN	Loading extension 'screenshots@mozilla.org': Reading manifest: Invalid extension permission: about:reader*
1557137013850	Marionette	INFO	Listening on port 37345
1557137013902	Marionette	WARN	TLS certificate errors will be ignored for this session
console.error: BroadcastService: 
  receivedBroadcastMessage: handler for
  remote-settings/monitor_changes
  threw error:
  Message: Error: Polling for changes failed: NetworkError when attempting to fetch resource..
  Stack:
    remoteSettingsFunction/remoteSettings.pollChanges@resource://services-settings/remote-settings.js:190:13

[Parent 31154, Gecko_IOThread] WARNING: pipe error (78): Connection reset by peer: file /build/firefox-i2nBcb/firefox-66.0.3+build1/ipc/chromium/src/chrome/common/ipc_channel_posix.cc, line 357
[Parent 31154, Gecko_IOThread] WARNING: pipe error (70): Connection reset by peer: file /build/firefox-i2nBcb/firefox-66.0.3+build1/ipc/chromium/src/chrome/common/ipc_channel_posix.cc, line 357
1557137090626	Marionette	INFO	Stopped listening on port 37345
1557137093442	mozrunner::runner	INFO	Running command: "/usr/bin/firefox" "-marionette" "-foreground" "-no-remote" "-profile" "/tmp/rust_mozprofile.R8w2GJrU1Ux9"
1557137093686	addons.webextension.screenshots@mozilla.org	WARN	Loading extension 'screenshots@mozilla.org': Reading manifest: Invalid extension permission: mozillaAddons
1557137093686	addons.webextension.screenshots@mozilla.org	WARN	Loading extension 'screenshots@mozilla.org': Reading manifest: Invalid extension permission: resource://pdf.js/
1557137093686	addons.webextension.screenshots@mozilla.org	WARN	Loading extension 'screenshots@mozilla.org': Reading manifest: Invalid extension permission: about:reader*
1557137095524	Marionette	INFO	Listening on port 44787
1557137095554	Marionette	WARN	TLS certificate errors will be ignored for this session
console.error: BroadcastService: 
  receivedBroadcastMessage: handler for
  remote-settings/monitor_changes
  threw error:
  Message: Error: Polling for changes failed: NetworkError when attempting to fetch resource..
  Stack:
    remoteSettingsFunction/remoteSettings.pollChanges@resource://services-settings/remote-settings.js:190:13

[Parent 31559, Gecko_IOThread] WARNING: pipe error (78): Connection reset by peer: file /build/firefox-i2nBcb/firefox-66.0.3+build1/ipc/chromium/src/chrome/common/ipc_channel_posix.cc, line 357
[Parent 31559, Gecko_IOThread] WARNING: pipe error (86): Connection reset by peer: file /build/firefox-i2nBcb/firefox-66.0.3+build1/ipc/chromium/src/chrome/common/ipc_channel_posix.cc, line 357
1557137160444	Marionette	INFO	Stopped listening on port 44787
1557137273043	mozrunner::runner	INFO	Running command: "/usr/bin/firefox" "-marionette" "-foreground" "-no-remote" "-profile" "/tmp/rust_mozprofile.9hQDxHBJ6hlB"
1557137273286	addons.webextension.screenshots@mozilla.org	WARN	Loading extension 'screenshots@mozilla.org': Reading manifest: Invalid extension permission: mozillaAddons
1557137273286	addons.webextension.screenshots@mozilla.org	WARN	Loading extension 'screenshots@mozilla.org': Reading manifest: Invalid extension permission: resource://pdf.js/
1557137273286	addons.webextension.screenshots@mozilla.org	WARN	Loading extension 'screenshots@mozilla.org': Reading manifest: Invalid extension permission: about:reader*
1557137275094	Marionette	INFO	Listening on port 37993
1557137275157	Marionette	WARN	TLS certificate errors will be ignored for this session
console.error: BroadcastService: 
  receivedBroadcastMessage: handler for
  remote-settings/monitor_changes
  threw error:
  Message: Error: Polling for changes failed: NetworkError when attempting to fetch resource..
  Stack:
    remoteSettingsFunction/remoteSettings.pollChanges@resource://services-settings/remote-settings.js:190:13

[Parent 31973, Gecko_IOThread] WARNING: pipe error (78): Connection reset by peer: file /build/firefox-i2nBcb/firefox-66.0.3+build1/ipc/chromium/src/chrome/common/ipc_channel_posix.cc, line 357
[Parent 31973, Gecko_IOThread] WARNING: pipe error (64): Connection reset by peer: file /build/firefox-i2nBcb/firefox-66.0.3+build1/ipc/chromium/src/chrome/common/ipc_channel_posix.cc, line 357
1557137346633	Marionette	INFO	Stopped listening on port 37993
1557137403986	mozrunner::runner	INFO	Running command: "/usr/bin/firefox" "-marionette" "-foreground" "-no-remote" "-profile" "/tmp/rust_mozprofile.JXtjiajYoCdM"
1557137404228	addons.webextension.screenshots@mozilla.org	WARN	Loading extension 'screenshots@mozilla.org': Reading manifest: Invalid extension permission: mozillaAddons
1557137404228	addons.webextension.screenshots@mozilla.org	WARN	Loading extension 'screenshots@mozilla.org': Reading manifest: Invalid extension permission: resource://pdf.js/
1557137404229	addons.webextension.screenshots@mozilla.org	WARN	Loading extension 'screenshots@mozilla.org': Reading manifest: Invalid extension permission: about:reader*
1557137406035	Marionette	INFO	Listening on port 44837
1557137406109	Marionette	WARN	TLS certificate errors will be ignored for this session
[Parent 32360, Gecko_IOThread] WARNING: pipe error (78): Connection reset by peer: file /build/firefox-i2nBcb/firefox-66.0.3+build1/ipc/chromium/src/chrome/common/ipc_channel_posix.cc, line 357
[Parent 32360, Gecko_IOThread] WARNING: pipe error (86): Connection reset by peer: file /build/firefox-i2nBcb/firefox-66.0.3+build1/ipc/chromium/src/chrome/common/ipc_channel_posix.cc, line 357
1557137482743	Marionette	INFO	Stopped listening on port 44837
1557137682707	mozrunner::runner	INFO	Running command: "/usr/bin/firefox" "-marionette" "-foreground" "-no-remote" "-profile" "/tmp/rust_mozprofile.hBnsHFqXbBMq"
1557137682952	addons.webextension.screenshots@mozilla.org	WARN	Loading extension 'screenshots@mozilla.org': Reading manifest: Invalid extension permission: mozillaAddons
1557137682953	addons.webextension.screenshots@mozilla.org	WARN	Loading extension 'screenshots@mozilla.org': Reading manifest: Invalid extension permission: resource://pdf.js/
1557137682953	addons.webextension.screenshots@mozilla.org	WARN	Loading extension 'screenshots@mozilla.org': Reading manifest: Invalid extension permission: about:reader*
1557137684864	Marionette	INFO	Listening on port 38283
1557137684913	Marionette	WARN	TLS certificate errors will be ignored for this session
console.error: BroadcastService: 
  receivedBroadcastMessage: handler for
  remote-settings/monitor_changes
  threw error:
  Message: Error: Polling for changes failed: NetworkError when attempting to fetch resource..
  Stack:
    remoteSettingsFunction/remoteSettings.pollChanges@resource://services-settings/remote-settings.js:190:13

[Parent 356, Gecko_IOThread] WARNING: pipe error (78): Connection reset by peer: file /build/firefox-i2nBcb/firefox-66.0.3+build1/ipc/chromium/src/chrome/common/ipc_channel_posix.cc, line 357
[Parent 356, Gecko_IOThread] WARNING: pipe error (70): Connection reset by peer: file /build/firefox-i2nBcb/firefox-66.0.3+build1/ipc/chromium/src/chrome/common/ipc_channel_posix.cc, line 357
1557138370822	Marionette	INFO	Stopped listening on port 38283
1557139503949	mozrunner::runner	INFO	Running command: "/usr/bin/firefox" "-marionette" "-foreground" "-no-remote" "-profile" "/tmp/rust_mozprofile.zKPzuVcg2xIT"
1557139504339	addons.webextension.screenshots@mozilla.org	WARN	Loading extension 'screenshots@mozilla.org': Reading manifest: Invalid extension permission: mozillaAddons
1557139504339	addons.webextension.screenshots@mozilla.org	WARN	Loading extension 'screenshots@mozilla.org': Reading manifest: Invalid extension permission: resource://pdf.js/
1557139504339	addons.webextension.screenshots@mozilla.org	WARN	Loading extension 'screenshots@mozilla.org': Reading manifest: Invalid extension permission: about:reader*
1557139506418	Marionette	INFO	Listening on port 41077
1557139506459	Marionette	WARN	TLS certificate errors will be ignored for this session
console.error: BroadcastService: 
  receivedBroadcastMessage: handler for
  remote-settings/monitor_changes
  threw error:
  Message: Error: Polling for changes failed: NetworkError when attempting to fetch resource..
  Stack:
    remoteSettingsFunction/remoteSettings.pollChanges@resource://services-settings/remote-settings.js:190:13

[Parent 1674, Gecko_IOThread] WARNING: pipe error (78): Connection reset by peer: file /build/firefox-i2nBcb/firefox-66.0.3+build1/ipc/chromium/src/chrome/common/ipc_channel_posix.cc, line 357
[Parent 1674, Gecko_IOThread] WARNING: pipe error (84): Connection reset by peer: file /build/firefox-i2nBcb/firefox-66.0.3+build1/ipc/chromium/src/chrome/common/ipc_channel_posix.cc, line 357
1557139719380	Marionette	INFO	Stopped listening on port 41077
1557139894103	mozrunner::runner	INFO	Running command: "/usr/bin/firefox" "-marionette" "-foreground" "-no-remote" "-profile" "/tmp/rust_mozprofile.2jPD7NlVrX2X"
1557139894353	addons.webextension.screenshots@mozilla.org	WARN	Loading extension 'screenshots@mozilla.org': Reading manifest: Invalid extension permission: mozillaAddons
1557139894353	addons.webextension.screenshots@mozilla.org	WARN	Loading extension 'screenshots@mozilla.org': Reading manifest: Invalid extension permission: resource://pdf.js/
1557139894353	addons.webextension.screenshots@mozilla.org	WARN	Loading extension 'screenshots@mozilla.org': Reading manifest: Invalid extension permission: about:reader*
1557139896164	Marionette	INFO	Listening on port 32945
1557139896209	Marionette	WARN	TLS certificate errors will be ignored for this session
console.error: BroadcastService: 
  receivedBroadcastMessage: handler for
  remote-settings/monitor_changes
  threw error:
  Message: Error: Polling for changes failed: NetworkError when attempting to fetch resource..
  Stack:
    remoteSettingsFunction/remoteSettings.pollChanges@resource://services-settings/remote-settings.js:190:13

[Parent 2416, Gecko_IOThread] WARNING: pipe error (78): Connection reset by peer: file /build/firefox-i2nBcb/firefox-66.0.3+build1/ipc/chromium/src/chrome/common/ipc_channel_posix.cc, line 357
[Parent 2416, Gecko_IOThread] WARNING: pipe error (79): Connection reset by peer: file /build/firefox-i2nBcb/firefox-66.0.3+build1/ipc/chromium/src/chrome/common/ipc_channel_posix.cc, line 357
1557139981284	Marionette	INFO	Stopped listening on port 32945
1557140033552	mozrunner::runner	INFO	Running command: "/usr/bin/firefox" "-marionette" "-foreground" "-no-remote" "-profile" "/tmp/rust_mozprofile.7GGbQyhRRlpu"
1557140034004	addons.webextension.screenshots@mozilla.org	WARN	Loading extension 'screenshots@mozilla.org': Reading manifest: Invalid extension permission: mozillaAddons
1557140034004	addons.webextension.screenshots@mozilla.org	WARN	Loading extension 'screenshots@mozilla.org': Reading manifest: Invalid extension permission: resource://pdf.js/
1557140034005	addons.webextension.screenshots@mozilla.org	WARN	Loading extension 'screenshots@mozilla.org': Reading manifest: Invalid extension permission: about:reader*
1557140036273	Marionette	INFO	Listening on port 39333
1557140036359	Marionette	WARN	TLS certificate errors will be ignored for this session
console.error: BroadcastService: 
  receivedBroadcastMessage: handler for
  remote-settings/monitor_changes
  threw error:
  Message: Error: Polling for changes failed: NetworkError when attempting to fetch resource..
  Stack:
    remoteSettingsFunction/remoteSettings.pollChanges@resource://services-settings/remote-settings.js:190:13

[Parent 2922, Gecko_IOThread] WARNING: pipe error (102): Connection reset by peer: file /build/firefox-i2nBcb/firefox-66.0.3+build1/ipc/chromium/src/chrome/common/ipc_channel_posix.cc, line 357
[Parent 2922, Gecko_IOThread] WARNING: pipe error (78): Connection reset by peer: file /build/firefox-i2nBcb/firefox-66.0.3+build1/ipc/chromium/src/chrome/common/ipc_channel_posix.cc, line 357
1557140193501	Marionette	INFO	Stopped listening on port 39333
1557140196110	mozrunner::runner	INFO	Running command: "/usr/bin/firefox" "-marionette" "-foreground" "-no-remote" "-profile" "/tmp/rust_mozprofile.p1JIfkl9Gcsi"
1557140196408	addons.webextension.screenshots@mozilla.org	WARN	Loading extension 'screenshots@mozilla.org': Reading manifest: Invalid extension permission: mozillaAddons
1557140196408	addons.webextension.screenshots@mozilla.org	WARN	Loading extension 'screenshots@mozilla.org': Reading manifest: Invalid extension permission: resource://pdf.js/
1557140196408	addons.webextension.screenshots@mozilla.org	WARN	Loading extension 'screenshots@mozilla.org': Reading manifest: Invalid extension permission: about:reader*
1557140198409	Marionette	INFO	Listening on port 38577
1557140198424	Marionette	WARN	TLS certificate errors will be ignored for this session
console.error: BroadcastService: 
  receivedBroadcastMessage: handler for
  remote-settings/monitor_changes
  threw error:
  Message: Error: Polling for changes failed: NetworkError when attempting to fetch resource..
  Stack:
    remoteSettingsFunction/remoteSettings.pollChanges@resource://services-settings/remote-settings.js:190:13

1557140321348	mozrunner::runner	INFO	Running command: "/usr/bin/firefox" "-marionette" "-foreground" "-no-remote" "-profile" "/tmp/rust_mozprofile.YUkro44tqjX9"
1557140321591	addons.webextension.screenshots@mozilla.org	WARN	Loading extension 'screenshots@mozilla.org': Reading manifest: Invalid extension permission: mozillaAddons
1557140321591	addons.webextension.screenshots@mozilla.org	WARN	Loading extension 'screenshots@mozilla.org': Reading manifest: Invalid extension permission: resource://pdf.js/
1557140321592	addons.webextension.screenshots@mozilla.org	WARN	Loading extension 'screenshots@mozilla.org': Reading manifest: Invalid extension permission: about:reader*
1557140323385	Marionette	INFO	Listening on port 41147
1557140323455	Marionette	WARN	TLS certificate errors will be ignored for this session
console.error: BroadcastService: 
  receivedBroadcastMessage: handler for
  remote-settings/monitor_changes
  threw error:
  Message: Error: Polling for changes failed: NetworkError when attempting to fetch resource..
  Stack:
    remoteSettingsFunction/remoteSettings.pollChanges@resource://services-settings/remote-settings.js:190:13

1557140482618	mozrunner::runner	INFO	Running command: "/usr/bin/firefox" "-marionette" "-foreground" "-no-remote" "-profile" "/tmp/rust_mozprofile.F2LqNPX5y7if"
1557140483131	addons.webextension.screenshots@mozilla.org	WARN	Loading extension 'screenshots@mozilla.org': Reading manifest: Invalid extension permission: mozillaAddons
1557140483131	addons.webextension.screenshots@mozilla.org	WARN	Loading extension 'screenshots@mozilla.org': Reading manifest: Invalid extension permission: resource://pdf.js/
1557140483131	addons.webextension.screenshots@mozilla.org	WARN	Loading extension 'screenshots@mozilla.org': Reading manifest: Invalid extension permission: about:reader*
1557140485464	Marionette	INFO	Listening on port 33347
1557140485553	Marionette	WARN	TLS certificate errors will be ignored for this session
console.error: BroadcastService: 
  receivedBroadcastMessage: handler for
  remote-settings/monitor_changes
  threw error:
  Message: Error: Polling for changes failed: NetworkError when attempting to fetch resource..
  Stack:
    remoteSettingsFunction/remoteSettings.pollChanges@resource://services-settings/remote-settings.js:190:13

[Parent 4262, Gecko_IOThread] WARNING: pipe error (89): Connection reset by peer: file /build/firefox-i2nBcb/firefox-66.0.3+build1/ipc/chromium/src/chrome/common/ipc_channel_posix.cc, line 357
[Parent 4262, Gecko_IOThread] WARNING: pipe error (81): Connection reset by peer: file /build/firefox-i2nBcb/firefox-66.0.3+build1/ipc/chromium/src/chrome/common/ipc_channel_posix.cc, line 357
1557140578932	Marionette	INFO	Stopped listening on port 33347
[Parent 3819, Gecko_IOThread] WARNING: pipe error (78): Connection reset by peer: file /build/firefox-i2nBcb/firefox-66.0.3+build1/ipc/chromium/src/chrome/common/ipc_channel_posix.cc, line 357
[Parent 3819, Gecko_IOThread] WARNING: pipe error (137): Connection reset by peer: file /build/firefox-i2nBcb/firefox-66.0.3+build1/ipc/chromium/src/chrome/common/ipc_channel_posix.cc, line 357
1557140586531	Marionette	INFO	Stopped listening on port 41147
[Parent 3363, Gecko_IOThread] WARNING: pipe error (70): Connection reset by peer: file /build/firefox-i2nBcb/firefox-66.0.3+build1/ipc/chromium/src/chrome/common/ipc_channel_posix.cc, line 357
[Parent 3363, Gecko_IOThread] WARNING: pipe error (78): Connection reset by peer: file /build/firefox-i2nBcb/firefox-66.0.3+build1/ipc/chromium/src/chrome/common/ipc_channel_posix.cc, line 357
1557140588325	Marionette	INFO	Stopped listening on port 38577
1557141279068	mozrunner::runner	INFO	Running command: "/usr/bin/firefox" "-marionette" "-foreground" "-no-remote" "-profile" "/tmp/rust_mozprofile.ShWONpiPZU4t"
1557141279482	addons.webextension.screenshots@mozilla.org	WARN	Loading extension 'screenshots@mozilla.org': Reading manifest: Invalid extension permission: mozillaAddons
1557141279483	addons.webextension.screenshots@mozilla.org	WARN	Loading extension 'screenshots@mozilla.org': Reading manifest: Invalid extension permission: resource://pdf.js/
1557141279483	addons.webextension.screenshots@mozilla.org	WARN	Loading extension 'screenshots@mozilla.org': Reading manifest: Invalid extension permission: about:reader*
1557141281436	Marionette	INFO	Listening on port 37745
1557141281481	Marionette	WARN	TLS certificate errors will be ignored for this session
console.error: BroadcastService: 
  receivedBroadcastMessage: handler for
  remote-settings/monitor_changes
  threw error:
  Message: Error: Polling for changes failed: NetworkError when attempting to fetch resource..
  Stack:
    remoteSettingsFunction/remoteSettings.pollChanges@resource://services-settings/remote-settings.js:190:13

1557141503050	mozrunner::runner	INFO	Running command: "/usr/bin/firefox" "-marionette" "-foreground" "-no-remote" "-profile" "/tmp/rust_mozprofile.RPAcJIgwsgDj"
1557141503282	addons.webextension.screenshots@mozilla.org	WARN	Loading extension 'screenshots@mozilla.org': Reading manifest: Invalid extension permission: mozillaAddons
1557141503282	addons.webextension.screenshots@mozilla.org	WARN	Loading extension 'screenshots@mozilla.org': Reading manifest: Invalid extension permission: resource://pdf.js/
1557141503283	addons.webextension.screenshots@mozilla.org	WARN	Loading extension 'screenshots@mozilla.org': Reading manifest: Invalid extension permission: about:reader*
1557141505100	Marionette	INFO	Listening on port 42355
1557141505157	Marionette	WARN	TLS certificate errors will be ignored for this session
console.error: BroadcastService: 
  receivedBroadcastMessage: handler for
  remote-settings/monitor_changes
  threw error:
  Message: Error: Polling for changes failed: NetworkError when attempting to fetch resource..
  Stack:
    remoteSettingsFunction/remoteSettings.pollChanges@resource://services-settings/remote-settings.js:190:13

[Parent 5383, Gecko_IOThread] WARNING: pipe error (78): Connection reset by peer: file /build/firefox-i2nBcb/firefox-66.0.3+build1/ipc/chromium/src/chrome/common/ipc_channel_posix.cc, line 357
[Parent 5383, Gecko_IOThread] WARNING: pipe error (64): Connection reset by peer: file /build/firefox-i2nBcb/firefox-66.0.3+build1/ipc/chromium/src/chrome/common/ipc_channel_posix.cc, line 357
1557141673265	Marionette	INFO	Stopped listening on port 42355
[Parent 4976, Gecko_IOThread] WARNING: pipe error (78): Connection reset by peer: file /build/firefox-i2nBcb/firefox-66.0.3+build1/ipc/chromium/src/chrome/common/ipc_channel_posix.cc, line 357
[Parent 4976, Gecko_IOThread] WARNING: pipe error (95): Connection reset by peer: file /build/firefox-i2nBcb/firefox-66.0.3+build1/ipc/chromium/src/chrome/common/ipc_channel_posix.cc, line 357
1557141675855	Marionette	INFO	Stopped listening on port 37745
1557141875062	mozrunner::runner	INFO	Running command: "/usr/bin/firefox" "-marionette" "-foreground" "-no-remote" "-profile" "/tmp/rust_mozprofile.NieRWkGDV3dt"
1557141875312	addons.webextension.screenshots@mozilla.org	WARN	Loading extension 'screenshots@mozilla.org': Reading manifest: Invalid extension permission: mozillaAddons
1557141875312	addons.webextension.screenshots@mozilla.org	WARN	Loading extension 'screenshots@mozilla.org': Reading manifest: Invalid extension permission: resource://pdf.js/
1557141875312	addons.webextension.screenshots@mozilla.org	WARN	Loading extension 'screenshots@mozilla.org': Reading manifest: Invalid extension permission: about:reader*
1557141877061	Marionette	INFO	Listening on port 36573
1557141877074	Marionette	WARN	TLS certificate errors will be ignored for this session
console.error: BroadcastService: 
  receivedBroadcastMessage: handler for
  remote-settings/monitor_changes
  threw error:
  Message: Error: Polling for changes failed: NetworkError when attempting to fetch resource..
  Stack:
    remoteSettingsFunction/remoteSettings.pollChanges@resource://services-settings/remote-settings.js:190:13

[Parent 5900, Gecko_IOThread] WARNING: pipe error (79): Connection reset by peer: file /build/firefox-i2nBcb/firefox-66.0.3+build1/ipc/chromium/src/chrome/common/ipc_channel_posix.cc, line 357
[Parent 5900, Gecko_IOThread] WARNING: pipe error (78): Connection reset by peer: file /build/firefox-i2nBcb/firefox-66.0.3+build1/ipc/chromium/src/chrome/common/ipc_channel_posix.cc, line 357
1557141966671	Marionette	INFO	Stopped listening on port 36573
1557142299751	mozrunner::runner	INFO	Running command: "/usr/bin/firefox" "-marionette" "-foreground" "-no-remote" "-profile" "/tmp/rust_mozprofile.l66l9WSTcA8G"
1557142299993	addons.webextension.screenshots@mozilla.org	WARN	Loading extension 'screenshots@mozilla.org': Reading manifest: Invalid extension permission: mozillaAddons
1557142299993	addons.webextension.screenshots@mozilla.org	WARN	Loading extension 'screenshots@mozilla.org': Reading manifest: Invalid extension permission: resource://pdf.js/
1557142299993	addons.webextension.screenshots@mozilla.org	WARN	Loading extension 'screenshots@mozilla.org': Reading manifest: Invalid extension permission: about:reader*
1557142301847	Marionette	INFO	Listening on port 39231
1557142301860	Marionette	WARN	TLS certificate errors will be ignored for this session
[Parent 6546, Gecko_IOThread] WARNING: pipe error (78): Connection reset by peer: file /build/firefox-i2nBcb/firefox-66.0.3+build1/ipc/chromium/src/chrome/common/ipc_channel_posix.cc, line 357
[Parent 6546, Gecko_IOThread] WARNING: pipe error (84): Connection reset by peer: file /build/firefox-i2nBcb/firefox-66.0.3+build1/ipc/chromium/src/chrome/common/ipc_channel_posix.cc, line 357
1557142349581	Marionette	INFO	Stopped listening on port 39231
1557142353201	mozrunner::runner	INFO	Running command: "/usr/bin/firefox" "-marionette" "-foreground" "-no-remote" "-profile" "/tmp/rust_mozprofile.LMsoE67uQW3S"
1557142353460	addons.webextension.screenshots@mozilla.org	WARN	Loading extension 'screenshots@mozilla.org': Reading manifest: Invalid extension permission: mozillaAddons
1557142353460	addons.webextension.screenshots@mozilla.org	WARN	Loading extension 'screenshots@mozilla.org': Reading manifest: Invalid extension permission: resource://pdf.js/
1557142353460	addons.webextension.screenshots@mozilla.org	WARN	Loading extension 'screenshots@mozilla.org': Reading manifest: Invalid extension permission: about:reader*
1557142355218	Marionette	INFO	Listening on port 33687
1557142355309	Marionette	WARN	TLS certificate errors will be ignored for this session
[Parent 6912, Gecko_IOThread] WARNING: pipe error (78): Connection reset by peer: file /build/firefox-i2nBcb/firefox-66.0.3+build1/ipc/chromium/src/chrome/common/ipc_channel_posix.cc, line 357
[Parent 6912, Gecko_IOThread] WARNING: pipe error (79): Connection reset by peer: file /build/firefox-i2nBcb/firefox-66.0.3+build1/ipc/chromium/src/chrome/common/ipc_channel_posix.cc, line 357
1557142579517	Marionette	INFO	Stopped listening on port 33687
1557142592809	mozrunner::runner	INFO	Running command: "/usr/bin/firefox" "-marionette" "-foreground" "-no-remote" "-profile" "/tmp/rust_mozprofile.b3X25JPBLidr"
1557142593060	addons.webextension.screenshots@mozilla.org	WARN	Loading extension 'screenshots@mozilla.org': Reading manifest: Invalid extension permission: mozillaAddons
1557142593060	addons.webextension.screenshots@mozilla.org	WARN	Loading extension 'screenshots@mozilla.org': Reading manifest: Invalid extension permission: resource://pdf.js/
1557142593060	addons.webextension.screenshots@mozilla.org	WARN	Loading extension 'screenshots@mozilla.org': Reading manifest: Invalid extension permission: about:reader*
1557142594878	Marionette	INFO	Listening on port 43249
1557142594921	Marionette	WARN	TLS certificate errors will be ignored for this session
console.error: BroadcastService: 
  receivedBroadcastMessage: handler for
  remote-settings/monitor_changes
  threw error:
  Message: Error: Polling for changes failed: NetworkError when attempting to fetch resource..
  Stack:
    remoteSettingsFunction/remoteSettings.pollChanges@resource://services-settings/remote-settings.js:190:13

[Parent 7434, Gecko_IOThread] WARNING: pipe error (84): Connection reset by peer: file /build/firefox-i2nBcb/firefox-66.0.3+build1/ipc/chromium/src/chrome/common/ipc_channel_posix.cc, line 357
[Parent 7434, Gecko_IOThread] WARNING: pipe error (78): Connection reset by peer: file /build/firefox-i2nBcb/firefox-66.0.3+build1/ipc/chromium/src/chrome/common/ipc_channel_posix.cc, line 357
1557142656680	Marionette	INFO	Stopped listening on port 43249
1557142669870	mozrunner::runner	INFO	Running command: "/usr/bin/firefox" "-marionette" "-foreground" "-no-remote" "-profile" "/tmp/rust_mozprofile.aMJu8PKkKYlY"
1557142670109	addons.webextension.screenshots@mozilla.org	WARN	Loading extension 'screenshots@mozilla.org': Reading manifest: Invalid extension permission: mozillaAddons
1557142670109	addons.webextension.screenshots@mozilla.org	WARN	Loading extension 'screenshots@mozilla.org': Reading manifest: Invalid extension permission: resource://pdf.js/
1557142670109	addons.webextension.screenshots@mozilla.org	WARN	Loading extension 'screenshots@mozilla.org': Reading manifest: Invalid extension permission: about:reader*
1557142671881	Marionette	INFO	Listening on port 41015
1557142671991	Marionette	WARN	TLS certificate errors will be ignored for this session
console.error: BroadcastService: 
  receivedBroadcastMessage: handler for
  remote-settings/monitor_changes
  threw error:
  Message: Error: Polling for changes failed: NetworkError when attempting to fetch resource..
  Stack:
    remoteSettingsFunction/remoteSettings.pollChanges@resource://services-settings/remote-settings.js:190:13

Exiting due to channel error.
Exiting due to channel error.
Exiting due to channel error.
1557142815501	mozrunner::runner	INFO	Running command: "/usr/bin/firefox" "-marionette" "-foreground" "-no-remote" "-profile" "/tmp/rust_mozprofile.ZswoloZGJynM"
1557142815736	addons.webextension.screenshots@mozilla.org	WARN	Loading extension 'screenshots@mozilla.org': Reading manifest: Invalid extension permission: mozillaAddons
1557142815737	addons.webextension.screenshots@mozilla.org	WARN	Loading extension 'screenshots@mozilla.org': Reading manifest: Invalid extension permission: resource://pdf.js/
1557142815737	addons.webextension.screenshots@mozilla.org	WARN	Loading extension 'screenshots@mozilla.org': Reading manifest: Invalid extension permission: about:reader*
1557142817587	Marionette	INFO	Listening on port 38731
1557142817607	Marionette	WARN	TLS certificate errors will be ignored for this session
console.error: BroadcastService: 
  receivedBroadcastMessage: handler for
  remote-settings/monitor_changes
  threw error:
  Message: Error: Polling for changes failed: NetworkError when attempting to fetch resource..
  Stack:
    remoteSettingsFunction/remoteSettings.pollChanges@resource://services-settings/remote-settings.js:190:13

[Parent 8257, Gecko_IOThread] WARNING: pipe error (70): Connection reset by peer: file /build/firefox-i2nBcb/firefox-66.0.3+build1/ipc/chromium/src/chrome/common/ipc_channel_posix.cc, line 357
[Parent 8257, Gecko_IOThread] WARNING: pipe error (78): Connection reset by peer: file /build/firefox-i2nBcb/firefox-66.0.3+build1/ipc/chromium/src/chrome/common/ipc_channel_posix.cc, line 357
1557143303301	Marionette	INFO	Stopped listening on port 38731
1557143465535	mozrunner::runner	INFO	Running command: "/usr/bin/firefox" "-marionette" "-foreground" "-no-remote" "-profile" "/tmp/rust_mozprofile.PX0EK7XSOTl9"
1557143465951	addons.webextension.screenshots@mozilla.org	WARN	Loading extension 'screenshots@mozilla.org': Reading manifest: Invalid extension permission: mozillaAddons
1557143465952	addons.webextension.screenshots@mozilla.org	WARN	Loading extension 'screenshots@mozilla.org': Reading manifest: Invalid extension permission: resource://pdf.js/
1557143465952	addons.webextension.screenshots@mozilla.org	WARN	Loading extension 'screenshots@mozilla.org': Reading manifest: Invalid extension permission: about:reader*
1557143468180	Marionette	INFO	Listening on port 33925
1557143468309	Marionette	WARN	TLS certificate errors will be ignored for this session
[Parent 9380, Gecko_IOThread] WARNING: pipe error (93): Connection reset by peer: file /build/firefox-i2nBcb/firefox-66.0.3+build1/ipc/chromium/src/chrome/common/ipc_channel_posix.cc, line 357
[Parent 9380, Gecko_IOThread] WARNING: pipe error (78): Connection reset by peer: file /build/firefox-i2nBcb/firefox-66.0.3+build1/ipc/chromium/src/chrome/common/ipc_channel_posix.cc, line 357
1557143472589	Marionette	INFO	Stopped listening on port 33925
1557143491772	mozrunner::runner	INFO	Running command: "/usr/bin/firefox" "-marionette" "-foreground" "-no-remote" "-profile" "/tmp/rust_mozprofile.SOkHhjapl3Rb"
1557143492182	addons.webextension.screenshots@mozilla.org	WARN	Loading extension 'screenshots@mozilla.org': Reading manifest: Invalid extension permission: mozillaAddons
1557143492183	addons.webextension.screenshots@mozilla.org	WARN	Loading extension 'screenshots@mozilla.org': Reading manifest: Invalid extension permission: resource://pdf.js/
1557143492183	addons.webextension.screenshots@mozilla.org	WARN	Loading extension 'screenshots@mozilla.org': Reading manifest: Invalid extension permission: about:reader*
1557143494465	Marionette	INFO	Listening on port 40163
1557143494485	Marionette	WARN	TLS certificate errors will be ignored for this session
console.error: BroadcastService: 
  receivedBroadcastMessage: handler for
  remote-settings/monitor_changes
  threw error:
  Message: Error: Polling for changes failed: NetworkError when attempting to fetch resource..
  Stack:
    remoteSettingsFunction/remoteSettings.pollChanges@resource://services-settings/remote-settings.js:190:13

[Parent 9927, Gecko_IOThread] WARNING: pipe error (86): Connection reset by peer: file /build/firefox-i2nBcb/firefox-66.0.3+build1/ipc/chromium/src/chrome/common/ipc_channel_posix.cc, line 357
[Parent 9927, Gecko_IOThread] WARNING: pipe error (78): Connection reset by peer: file /build/firefox-i2nBcb/firefox-66.0.3+build1/ipc/chromium/src/chrome/common/ipc_channel_posix.cc, line 357
1557143711306	Marionette	INFO	Stopped listening on port 40163
1557149422600	mozrunner::runner	INFO	Running command: "/usr/bin/firefox" "-marionette" "-foreground" "-no-remote" "-profile" "/tmp/rust_mozprofile.kzBn9T4XvzDN"
1557149423007	addons.webextension.screenshots@mozilla.org	WARN	Loading extension 'screenshots@mozilla.org': Reading manifest: Invalid extension permission: mozillaAddons
1557149423008	addons.webextension.screenshots@mozilla.org	WARN	Loading extension 'screenshots@mozilla.org': Reading manifest: Invalid extension permission: resource://pdf.js/
1557149423008	addons.webextension.screenshots@mozilla.org	WARN	Loading extension 'screenshots@mozilla.org': Reading manifest: Invalid extension permission: about:reader*
1557149425230	Marionette	INFO	Listening on port 33515
1557149425315	Marionette	WARN	TLS certificate errors will be ignored for this session
console.error: BroadcastService: 
  receivedBroadcastMessage: handler for
  remote-settings/monitor_changes
  threw error:
  Message: Error: Polling for changes failed: NetworkError when attempting to fetch resource..
  Stack:
    remoteSettingsFunction/remoteSettings.pollChanges@resource://services-settings/remote-settings.js:190:13

Exiting due to channel error.
Exiting due to channel error.
Exiting due to channel error.
1557149633846	mozrunner::runner	INFO	Running command: "/usr/bin/firefox" "-marionette" "-foreground" "-no-remote" "-profile" "/tmp/rust_mozprofile.Cayted7PfWFW"
1557149634281	addons.webextension.screenshots@mozilla.org	WARN	Loading extension 'screenshots@mozilla.org': Reading manifest: Invalid extension permission: mozillaAddons
1557149634282	addons.webextension.screenshots@mozilla.org	WARN	Loading extension 'screenshots@mozilla.org': Reading manifest: Invalid extension permission: resource://pdf.js/
1557149634282	addons.webextension.screenshots@mozilla.org	WARN	Loading extension 'screenshots@mozilla.org': Reading manifest: Invalid extension permission: about:reader*
1557149636485	Marionette	INFO	Listening on port 44607
1557149636560	Marionette	WARN	TLS certificate errors will be ignored for this session
console.error: BroadcastService: 
  receivedBroadcastMessage: handler for
  remote-settings/monitor_changes
  threw error:
  Message: Error: Polling for changes failed: NetworkError when attempting to fetch resource..
  Stack:
    remoteSettingsFunction/remoteSettings.pollChanges@resource://services-settings/remote-settings.js:190:13

[Parent 13454, Gecko_IOThread] WARNING: pipe error (86): Connection reset by peer: file /build/firefox-i2nBcb/firefox-66.0.3+build1/ipc/chromium/src/chrome/common/ipc_channel_posix.cc, line 357
[Parent 13454, Gecko_IOThread] WARNING: pipe error (78): Connection reset by peer: file /build/firefox-i2nBcb/firefox-66.0.3+build1/ipc/chromium/src/chrome/common/ipc_channel_posix.cc, line 357
1557149717173	Marionette	INFO	Stopped listening on port 44607
1557149751061	mozrunner::runner	INFO	Running command: "/usr/bin/firefox" "-marionette" "-foreground" "-no-remote" "-profile" "/tmp/rust_mozprofile.Db6HXN6t1xtz"
1557149751510	addons.webextension.screenshots@mozilla.org	WARN	Loading extension 'screenshots@mozilla.org': Reading manifest: Invalid extension permission: mozillaAddons
1557149751511	addons.webextension.screenshots@mozilla.org	WARN	Loading extension 'screenshots@mozilla.org': Reading manifest: Invalid extension permission: resource://pdf.js/
1557149751511	addons.webextension.screenshots@mozilla.org	WARN	Loading extension 'screenshots@mozilla.org': Reading manifest: Invalid extension permission: about:reader*
1557149753952	Marionette	INFO	Listening on port 44211
1557149753983	Marionette	WARN	TLS certificate errors will be ignored for this session
console.error: BroadcastService: 
  receivedBroadcastMessage: handler for
  remote-settings/monitor_changes
  threw error:
  Message: Error: Polling for changes failed: NetworkError when attempting to fetch resource..
  Stack:
    remoteSettingsFunction/remoteSettings.pollChanges@resource://services-settings/remote-settings.js:190:13

1557150023181	mozrunner::runner	INFO	Running command: "/usr/bin/firefox" "-marionette" "-foreground" "-no-remote" "-profile" "/tmp/rust_mozprofile.w9BNc3iRph8q"
1557150023592	addons.webextension.screenshots@mozilla.org	WARN	Loading extension 'screenshots@mozilla.org': Reading manifest: Invalid extension permission: mozillaAddons
1557150023592	addons.webextension.screenshots@mozilla.org	WARN	Loading extension 'screenshots@mozilla.org': Reading manifest: Invalid extension permission: resource://pdf.js/
1557150023592	addons.webextension.screenshots@mozilla.org	WARN	Loading extension 'screenshots@mozilla.org': Reading manifest: Invalid extension permission: about:reader*
1557150025735	Marionette	INFO	Listening on port 42169
1557150025789	Marionette	WARN	TLS certificate errors will be ignored for this session
[Parent 14264, Gecko_IOThread] WARNING: pipe error (95): Connection reset by peer: file /build/firefox-i2nBcb/firefox-66.0.3+build1/ipc/chromium/src/chrome/common/ipc_channel_posix.cc, line 357
[Parent 14264, Gecko_IOThread] WARNING: pipe error (78): Connection reset by peer: file /build/firefox-i2nBcb/firefox-66.0.3+build1/ipc/chromium/src/chrome/common/ipc_channel_posix.cc, line 357
1557150058094	Marionette	INFO	Stopped listening on port 42169
1557150062983	mozrunner::runner	INFO	Running command: "/usr/bin/firefox" "-marionette" "-foreground" "-no-remote" "-profile" "/tmp/rust_mozprofile.RuQhw9Sqs0GR"
1557150063401	addons.webextension.screenshots@mozilla.org	WARN	Loading extension 'screenshots@mozilla.org': Reading manifest: Invalid extension permission: mozillaAddons
1557150063401	addons.webextension.screenshots@mozilla.org	WARN	Loading extension 'screenshots@mozilla.org': Reading manifest: Invalid extension permission: resource://pdf.js/
1557150063401	addons.webextension.screenshots@mozilla.org	WARN	Loading extension 'screenshots@mozilla.org': Reading manifest: Invalid extension permission: about:reader*
1557150065706	Marionette	INFO	Listening on port 44021
1557150065793	Marionette	WARN	TLS certificate errors will be ignored for this session
console.error: BroadcastService: 
  receivedBroadcastMessage: handler for
  remote-settings/monitor_changes
  threw error:
  Message: Error: Polling for changes failed: NetworkError when attempting to fetch resource..
  Stack:
    remoteSettingsFunction/remoteSettings.pollChanges@resource://services-settings/remote-settings.js:190:13

[Parent 14942, Gecko_IOThread] WARNING: pipe error (78): Connection reset by peer: file /build/firefox-i2nBcb/firefox-66.0.3+build1/ipc/chromium/src/chrome/common/ipc_channel_posix.cc, line 357
[Parent 14942, Gecko_IOThread] WARNING: pipe error (79): Connection reset by peer: file /build/firefox-i2nBcb/firefox-66.0.3+build1/ipc/chromium/src/chrome/common/ipc_channel_posix.cc, line 357
1557150173643	Marionette	INFO	Stopped listening on port 44021
1557150191407	mozrunner::runner	INFO	Running command: "/usr/bin/firefox" "-marionette" "-foreground" "-no-remote" "-profile" "/tmp/rust_mozprofile.nJEcs5gAxclr"
1557150192019	addons.webextension.screenshots@mozilla.org	WARN	Loading extension 'screenshots@mozilla.org': Reading manifest: Invalid extension permission: mozillaAddons
1557150192020	addons.webextension.screenshots@mozilla.org	WARN	Loading extension 'screenshots@mozilla.org': Reading manifest: Invalid extension permission: resource://pdf.js/
1557150192020	addons.webextension.screenshots@mozilla.org	WARN	Loading extension 'screenshots@mozilla.org': Reading manifest: Invalid extension permission: about:reader*
1557150194652	Marionette	INFO	Listening on port 43217
1557150194748	Marionette	WARN	TLS certificate errors will be ignored for this session
console.error: BroadcastService: 
  receivedBroadcastMessage: handler for
  remote-settings/monitor_changes
  threw error:
  Message: Error: Polling for changes failed: NetworkError when attempting to fetch resource..
  Stack:
    remoteSettingsFunction/remoteSettings.pollChanges@resource://services-settings/remote-settings.js:190:13

[Parent 13862, Gecko_IOThread] WARNING: pipe error (78): Connection reset by peer: file /build/firefox-i2nBcb/firefox-66.0.3+build1/ipc/chromium/src/chrome/common/ipc_channel_posix.cc, line 357
[Parent 13862, Gecko_IOThread] WARNING: pipe error (86): Connection reset by peer: file /build/firefox-i2nBcb/firefox-66.0.3+build1/ipc/chromium/src/chrome/common/ipc_channel_posix.cc, line 357
1557159434543	Marionette	INFO	Stopped listening on port 44211
[Parent 15348, Gecko_IOThread] WARNING: pipe error (78): Connection reset by peer: file /build/firefox-i2nBcb/firefox-66.0.3+build1/ipc/chromium/src/chrome/common/ipc_channel_posix.cc, line 357
[Parent 15348, Gecko_IOThread] WARNING: pipe error (64): Connection reset by peer: file /build/firefox-i2nBcb/firefox-66.0.3+build1/ipc/chromium/src/chrome/common/ipc_channel_posix.cc, line 357
1557159847933	Marionette	INFO	Stopped listening on port 43217
